<?xml version="1.0" encoding="UTF-8"?>
<!-- Generated by org.testng.reporters.JUnitReportReporter -->
<testsuite skipped="0" hostname="bharath_pc" name="com.orangehrm.tests.LoginPageTest" tests="6" failures="0" timestamp="2020-04-24T12:47:14 IST" time="53.792" errors="0">
  <testcase name="validateTitle" time="10.125" classname="com.orangehrm.tests.LoginPageTest"/>
  <system-out/>
  <testcase name="validateLogo" time="7.435" classname="com.orangehrm.tests.LoginPageTest"/>
  <system-out/>
  <testcase name="validateLogin" time="9.056" classname="com.orangehrm.tests.LoginPageTest"/>
  <system-out/>
  <testcase name="validateLogin" time="10.428" classname="com.orangehrm.tests.LoginPageTest"/>
  <system-out/>
  <testcase name="validateLogin" time="8.364" classname="com.orangehrm.tests.LoginPageTest"/>
  <system-out/>
  <testcase name="validateLogin" time="8.384" classname="com.orangehrm.tests.LoginPageTest"/>
  <system-out/>
</testsuite> <!-- com.orangehrm.tests.LoginPageTest -->
